2026/05/17 01:00:14 [debug] 8982#0: bind() 0.0.0.0:5111 #6 
2026/05/17 01:00:14 [debug] 8982#0: bind() 0.0.0.0:5111 #7 
2026/05/17 01:00:14 [debug] 8982#0: bind() 0.0.0.0:5111 #8 
2026/05/17 01:00:14 [debug] 8982#0: bind() 0.0.0.0:5111 #9 
2026/05/17 01:00:14 [debug] 8982#0: bind() 0.0.0.0:5111 #10 
2026/05/17 01:00:14 [debug] 8982#0: bind() 0.0.0.0:5111 #11 
2026/05/17 01:00:14 [debug] 8982#0: bind() 0.0.0.0:5111 #12 
2026/05/17 01:00:14 [debug] 8982#0: bind() 0.0.0.0:5111 #13 
2026/05/17 01:00:14 [notice] 8982#0: using the "epoll" event method
2026/05/17 01:00:14 [debug] 8982#0: counter: 00007F549347A080, 1
2026/05/17 01:00:14 [notice] 8982#0: nginx/1.31.0
2026/05/17 01:00:14 [notice] 8982#0: built by gcc 4.8.5 20150623 (Red Hat 4.8.5-36) (GCC) 
2026/05/17 01:00:14 [notice] 8982#0: OS: Linux 3.10.0-957.el7.x86_64
2026/05/17 01:00:14 [notice] 8982#0: getrlimit(RLIMIT_NOFILE): 365535:365535
2026/05/17 01:00:14 [debug] 8983#0: write: 14, 00007FFF02CBF450, 5, 0
2026/05/17 01:00:14 [debug] 8983#0: setproctitle: "nginx: master process ./nginx -c /root/config.conf"
2026/05/17 01:00:14 [notice] 8983#0: start worker processes
2026/05/17 01:00:14 [debug] 8983#0: channel 3:14
2026/05/17 01:00:14 [notice] 8983#0: start worker process 8984
2026/05/17 01:00:14 [debug] 8983#0: channel 15:16
2026/05/17 01:00:14 [debug] 8984#0: add cleanup: 00000000020B49A8
2026/05/17 01:00:14 [debug] 8984#0: malloc: 0000000002077740:8
2026/05/17 01:00:14 [notice] 8983#0: start worker process 8985
2026/05/17 01:00:14 [debug] 8983#0: pass channel s:1 pid:8985 fd:15 to s:0 pid:8984 fd:3
2026/05/17 01:00:14 [debug] 8983#0: channel 17:18
2026/05/17 01:00:14 [notice] 8983#0: start worker process 8986
2026/05/17 01:00:14 [debug] 8983#0: pass channel s:2 pid:8986 fd:17 to s:0 pid:8984 fd:3
2026/05/17 01:00:14 [debug] 8983#0: pass channel s:2 pid:8986 fd:17 to s:1 pid:8985 fd:15
2026/05/17 01:00:14 [debug] 8983#0: channel 19:20
2026/05/17 01:00:14 [notice] 8983#0: start worker process 8987
2026/05/17 01:00:14 [debug] 8983#0: pass channel s:3 pid:8987 fd:19 to s:0 pid:8984 fd:3
2026/05/17 01:00:14 [debug] 8983#0: pass channel s:3 pid:8987 fd:19 to s:1 pid:8985 fd:15
2026/05/17 01:00:14 [debug] 8983#0: pass channel s:3 pid:8987 fd:19 to s:2 pid:8986 fd:17
2026/05/17 01:00:14 [debug] 8983#0: channel 21:22
2026/05/17 01:00:14 [debug] 8987#0: add cleanup: 00000000020B49A8
2026/05/17 01:00:14 [debug] 8987#0: malloc: 0000000002077740:8
2026/05/17 01:00:14 [debug] 8984#0: notify eventfd: 16
2026/05/17 01:00:14 [debug] 8984#0: testing the EPOLLRDHUP flag: success
2026/05/17 01:00:14 [debug] 8984#0: malloc: 0000000002086BB0:6144
2026/05/17 01:00:14 [debug] 8984#0: malloc: 00007F54682B7010:14680064
2026/05/17 01:00:14 [debug] 8984#0: malloc: 00007F5467CB6010:6291456
2026/05/17 01:00:14 [notice] 8983#0: start worker process 8988
2026/05/17 01:00:14 [debug] 8983#0: pass channel s:4 pid:8988 fd:21 to s:0 pid:8984 fd:3
2026/05/17 01:00:14 [debug] 8983#0: pass channel s:4 pid:8988 fd:21 to s:1 pid:8985 fd:15
2026/05/17 01:00:14 [debug] 8983#0: pass channel s:4 pid:8988 fd:21 to s:2 pid:8986 fd:17
2026/05/17 01:00:14 [debug] 8983#0: pass channel s:4 pid:8988 fd:21 to s:3 pid:8987 fd:19
2026/05/17 01:00:14 [debug] 8983#0: channel 23:24
2026/05/17 01:00:14 [notice] 8983#0: start worker process 8989
2026/05/17 01:00:14 [debug] 8983#0: pass channel s:5 pid:8989 fd:23 to s:0 pid:8984 fd:3
2026/05/17 01:00:14 [debug] 8983#0: pass channel s:5 pid:8989 fd:23 to s:1 pid:8985 fd:15
2026/05/17 01:00:14 [debug] 8983#0: pass channel s:5 pid:8989 fd:23 to s:2 pid:8986 fd:17
2026/05/17 01:00:14 [debug] 8983#0: pass channel s:5 pid:8989 fd:23 to s:3 pid:8987 fd:19
2026/05/17 01:00:14 [debug] 8983#0: pass channel s:5 pid:8989 fd:23 to s:4 pid:8988 fd:21
2026/05/17 01:00:14 [debug] 8987#0: notify eventfd: 22
2026/05/17 01:00:14 [debug] 8983#0: channel 25:26
2026/05/17 01:00:14 [debug] 8987#0: testing the EPOLLRDHUP flag: success
2026/05/17 01:00:14 [debug] 8987#0: malloc: 0000000002086BB0:6144
2026/05/17 01:00:14 [debug] 8987#0: malloc: 00007F54682B7010:14680064
2026/05/17 01:00:14 [debug] 8987#0: malloc: 00007F5467CB6010:6291456
2026/05/17 01:00:14 [notice] 8983#0: start worker process 8990
2026/05/17 01:00:14 [debug] 8983#0: pass channel s:6 pid:8990 fd:25 to s:0 pid:8984 fd:3
2026/05/17 01:00:14 [debug] 8983#0: pass channel s:6 pid:8990 fd:25 to s:1 pid:8985 fd:15
2026/05/17 01:00:14 [debug] 8983#0: pass channel s:6 pid:8990 fd:25 to s:2 pid:8986 fd:17
2026/05/17 01:00:14 [debug] 8983#0: pass channel s:6 pid:8990 fd:25 to s:3 pid:8987 fd:19
2026/05/17 01:00:14 [debug] 8983#0: pass channel s:6 pid:8990 fd:25 to s:4 pid:8988 fd:21
2026/05/17 01:00:14 [debug] 8983#0: pass channel s:6 pid:8990 fd:25 to s:5 pid:8989 fd:23
2026/05/17 01:00:14 [debug] 8983#0: channel 27:28
2026/05/17 01:00:14 [notice] 8983#0: start worker process 8991
2026/05/17 01:00:14 [debug] 8983#0: pass channel s:7 pid:8991 fd:27 to s:0 pid:8984 fd:3
2026/05/17 01:00:14 [debug] 8983#0: pass channel s:7 pid:8991 fd:27 to s:1 pid:8985 fd:15
2026/05/17 01:00:14 [debug] 8983#0: pass channel s:7 pid:8991 fd:27 to s:2 pid:8986 fd:17
2026/05/17 01:00:14 [debug] 8983#0: pass channel s:7 pid:8991 fd:27 to s:3 pid:8987 fd:19
2026/05/17 01:00:14 [debug] 8983#0: pass channel s:7 pid:8991 fd:27 to s:4 pid:8988 fd:21
2026/05/17 01:00:14 [debug] 8983#0: pass channel s:7 pid:8991 fd:27 to s:5 pid:8989 fd:23
2026/05/17 01:00:14 [debug] 8983#0: pass channel s:7 pid:8991 fd:27 to s:6 pid:8990 fd:25
2026/05/17 01:00:14 [debug] 8983#0: sigsuspend
2026/05/17 01:00:14 [debug] 8990#0: add cleanup: 00000000020B49A8
2026/05/17 01:00:14 [debug] 8990#0: malloc: 0000000002077740:8
2026/05/17 01:00:14 [debug] 8988#0: add cleanup: 00000000020B49A8
2026/05/17 01:00:14 [debug] 8986#0: add cleanup: 00000000020B49A8
2026/05/17 01:00:14 [debug] 8988#0: malloc: 0000000002077740:8
2026/05/17 01:00:14 [debug] 8986#0: malloc: 0000000002077740:8
2026/05/17 01:00:14 [debug] 8990#0: notify eventfd: 28
2026/05/17 01:00:14 [debug] 8990#0: testing the EPOLLRDHUP flag: success
2026/05/17 01:00:14 [debug] 8990#0: malloc: 0000000002086BB0:6144
2026/05/17 01:00:14 [debug] 8990#0: malloc: 00007F54682B7010:14680064
2026/05/17 01:00:14 [debug] 8990#0: malloc: 00007F5467CB6010:6291456
2026/05/17 01:00:14 [debug] 8988#0: notify eventfd: 24
2026/05/17 01:00:14 [debug] 8988#0: testing the EPOLLRDHUP flag: success
2026/05/17 01:00:14 [debug] 8988#0: malloc: 0000000002086BB0:6144
2026/05/17 01:00:14 [debug] 8988#0: malloc: 00007F54682B7010:14680064
2026/05/17 01:00:14 [debug] 8988#0: malloc: 00007F5467CB6010:6291456
2026/05/17 01:00:14 [debug] 8986#0: notify eventfd: 20
2026/05/17 01:00:14 [debug] 8986#0: testing the EPOLLRDHUP flag: success
2026/05/17 01:00:14 [debug] 8986#0: malloc: 0000000002086BB0:6144
2026/05/17 01:00:14 [debug] 8986#0: malloc: 00007F54682B7010:14680064
2026/05/17 01:00:14 [debug] 8986#0: malloc: 00007F5467CB6010:6291456
2026/05/17 01:00:14 [debug] 8991#0: add cleanup: 00000000020B49A8
2026/05/17 01:00:14 [debug] 8985#0: add cleanup: 00000000020B49A8
2026/05/17 01:00:14 [debug] 8991#0: malloc: 0000000002077740:8
2026/05/17 01:00:14 [debug] 8985#0: malloc: 0000000002077740:8
2026/05/17 01:00:14 [debug] 8985#0: notify eventfd: 18
2026/05/17 01:00:14 [debug] 8985#0: testing the EPOLLRDHUP flag: success
2026/05/17 01:00:14 [debug] 8985#0: malloc: 0000000002086BB0:6144
2026/05/17 01:00:14 [debug] 8984#0: malloc: 00007F54676B5010:6291456
2026/05/17 01:00:14 [debug] 8985#0: malloc: 00007F54682B7010:14680064
2026/05/17 01:00:14 [debug] 8985#0: malloc: 00007F5467CB6010:6291456
2026/05/17 01:00:14 [debug] 8987#0: malloc: 00007F54676B5010:6291456
2026/05/17 01:00:14 [debug] 8988#0: malloc: 00007F54676B5010:6291456
2026/05/17 01:00:14 [debug] 8990#0: malloc: 00007F54676B5010:6291456
2026/05/17 01:00:14 [debug] 8985#0: malloc: 00007F54676B5010:6291456
2026/05/17 01:00:14 [debug] 8991#0: notify eventfd: 30
2026/05/17 01:00:14 [debug] 8991#0: testing the EPOLLRDHUP flag: success
2026/05/17 01:00:14 [debug] 8991#0: malloc: 0000000002086BB0:6144
2026/05/17 01:00:14 [debug] 8991#0: malloc: 00007F54682B7010:14680064
2026/05/17 01:00:14 [debug] 8991#0: malloc: 00007F5467CB6010:6291456
2026/05/17 01:00:14 [debug] 8986#0: malloc: 00007F54676B5010:6291456
2026/05/17 01:00:14 [debug] 8991#0: malloc: 00007F54676B5010:6291456
2026/05/17 01:00:14 [debug] 8984#0: epoll add event: fd:6 op:1 ev:00002001
2026/05/17 01:00:14 [debug] 8984#0: malloc: 00000000020883C0:5094
2026/05/17 01:00:14 [debug] 8984#0: epoll add event: fd:14 op:1 ev:00002001
2026/05/17 01:00:14 [debug] 8984#0: setproctitle: "nginx: worker process"
2026/05/17 01:00:14 [debug] 8984#0: worker cycle
2026/05/17 01:00:14 [debug] 8984#0: epoll timer: -1
2026/05/17 01:00:14 [debug] 8984#0: epoll: fd:14 ev:0001 d:00007F54682B70F0
2026/05/17 01:00:14 [debug] 8984#0: channel handler
2026/05/17 01:00:14 [debug] 8984#0: channel: 32
2026/05/17 01:00:14 [debug] 8984#0: channel command: 1
2026/05/17 01:00:14 [debug] 8984#0: get channel s:1 pid:8985 fd:3
2026/05/17 01:00:14 [debug] 8984#0: channel: 32
2026/05/17 01:00:14 [debug] 8984#0: channel command: 1
2026/05/17 01:00:14 [debug] 8984#0: get channel s:2 pid:8986 fd:17
2026/05/17 01:00:14 [debug] 8984#0: channel: 32
2026/05/17 01:00:14 [debug] 8984#0: channel command: 1
2026/05/17 01:00:14 [debug] 8984#0: get channel s:3 pid:8987 fd:18
2026/05/17 01:00:14 [debug] 8984#0: channel: 32
2026/05/17 01:00:14 [debug] 8984#0: channel command: 1
2026/05/17 01:00:14 [debug] 8984#0: get channel s:4 pid:8988 fd:19
2026/05/17 01:00:14 [debug] 8984#0: channel: 32
2026/05/17 01:00:14 [debug] 8984#0: channel command: 1
2026/05/17 01:00:14 [debug] 8984#0: get channel s:5 pid:8989 fd:20
2026/05/17 01:00:14 [debug] 8984#0: channel: 32
2026/05/17 01:00:14 [debug] 8984#0: channel command: 1
2026/05/17 01:00:14 [debug] 8984#0: get channel s:6 pid:8990 fd:21
2026/05/17 01:00:14 [debug] 8984#0: channel: 32
2026/05/17 01:00:14 [debug] 8984#0: channel command: 1
2026/05/17 01:00:14 [debug] 8984#0: get channel s:7 pid:8991 fd:22
2026/05/17 01:00:14 [debug] 8984#0: channel: -2
2026/05/17 01:00:14 [debug] 8984#0: timer delta: 24
2026/05/17 01:00:14 [debug] 8984#0: worker cycle
2026/05/17 01:00:14 [debug] 8984#0: epoll timer: -1
2026/05/17 01:00:14 [debug] 8990#0: epoll add event: fd:12 op:1 ev:00002001
2026/05/17 01:00:14 [debug] 8990#0: malloc: 00000000020883C0:5094
2026/05/17 01:00:14 [debug] 8990#0: epoll add event: fd:26 op:1 ev:00002001
2026/05/17 01:00:14 [debug] 8990#0: setproctitle: "nginx: worker process"
2026/05/17 01:00:14 [debug] 8990#0: worker cycle
2026/05/17 01:00:14 [debug] 8990#0: epoll timer: -1
2026/05/17 01:00:14 [debug] 8990#0: epoll: fd:26 ev:0001 d:00007F54682B70F0
2026/05/17 01:00:14 [debug] 8990#0: channel handler
2026/05/17 01:00:14 [debug] 8987#0: epoll add event: fd:9 op:1 ev:00002001
2026/05/17 01:00:14 [debug] 8990#0: channel: 32
2026/05/17 01:00:14 [debug] 8990#0: channel command: 1
2026/05/17 01:00:14 [debug] 8990#0: get channel s:7 pid:8991 fd:14
2026/05/17 01:00:14 [debug] 8990#0: channel: -2
2026/05/17 01:00:14 [debug] 8990#0: timer delta: 26
2026/05/17 01:00:14 [debug] 8990#0: worker cycle
2026/05/17 01:00:14 [debug] 8990#0: epoll timer: -1
2026/05/17 01:00:14 [debug] 8987#0: malloc: 00000000020883C0:5094
2026/05/17 01:00:14 [debug] 8987#0: epoll add event: fd:20 op:1 ev:00002001
2026/05/17 01:00:14 [debug] 8987#0: setproctitle: "nginx: worker process"
2026/05/17 01:00:14 [debug] 8987#0: worker cycle
2026/05/17 01:00:14 [debug] 8987#0: epoll timer: -1
2026/05/17 01:00:14 [debug] 8987#0: epoll: fd:20 ev:0001 d:00007F54682B70F0
2026/05/17 01:00:14 [debug] 8987#0: channel handler
2026/05/17 01:00:14 [debug] 8987#0: channel: 32
2026/05/17 01:00:14 [debug] 8987#0: channel command: 1
2026/05/17 01:00:14 [debug] 8987#0: get channel s:4 pid:8988 fd:14
2026/05/17 01:00:14 [debug] 8987#0: channel: 32
2026/05/17 01:00:14 [debug] 8987#0: channel command: 1
2026/05/17 01:00:14 [debug] 8987#0: get channel s:5 pid:8989 fd:16
2026/05/17 01:00:14 [debug] 8989#0: add cleanup: 00000000020B49A8
2026/05/17 01:00:14 [debug] 8987#0: channel: 32
2026/05/17 01:00:14 [debug] 8987#0: channel command: 1
2026/05/17 01:00:14 [debug] 8987#0: get channel s:6 pid:8990 fd:18
2026/05/17 01:00:14 [debug] 8987#0: channel: 32
2026/05/17 01:00:14 [debug] 8987#0: channel command: 1
2026/05/17 01:00:14 [debug] 8987#0: get channel s:7 pid:8991 fd:19
2026/05/17 01:00:14 [debug] 8987#0: channel: -2
2026/05/17 01:00:14 [debug] 8989#0: malloc: 0000000002077740:8
2026/05/17 01:00:14 [debug] 8987#0: timer delta: 26
2026/05/17 01:00:14 [debug] 8987#0: worker cycle
2026/05/17 01:00:14 [debug] 8987#0: epoll timer: -1
2026/05/17 01:00:14 [debug] 8989#0: notify eventfd: 26
2026/05/17 01:00:14 [debug] 8989#0: testing the EPOLLRDHUP flag: success
2026/05/17 01:00:14 [debug] 8989#0: malloc: 0000000002086BB0:6144
2026/05/17 01:00:14 [debug] 8989#0: malloc: 00007F54682B7010:14680064
2026/05/17 01:00:14 [debug] 8989#0: malloc: 00007F5467CB6010:6291456
2026/05/17 01:00:14 [debug] 8989#0: malloc: 00007F54676B5010:6291456
2026/05/17 01:00:14 [debug] 8986#0: epoll add event: fd:8 op:1 ev:00002001
2026/05/17 01:00:14 [debug] 8986#0: malloc: 00000000020883C0:5094
2026/05/17 01:00:14 [debug] 8986#0: epoll add event: fd:18 op:1 ev:00002001
2026/05/17 01:00:14 [debug] 8986#0: setproctitle: "nginx: worker process"
2026/05/17 01:00:14 [debug] 8986#0: worker cycle
2026/05/17 01:00:14 [debug] 8986#0: epoll timer: -1
2026/05/17 01:00:14 [debug] 8986#0: epoll: fd:18 ev:0001 d:00007F54682B70F0
2026/05/17 01:00:14 [debug] 8986#0: channel handler
2026/05/17 01:00:14 [debug] 8986#0: channel: 32
2026/05/17 01:00:14 [debug] 8986#0: channel command: 1
2026/05/17 01:00:14 [debug] 8986#0: get channel s:3 pid:8987 fd:14
2026/05/17 01:00:14 [debug] 8986#0: channel: 32
2026/05/17 01:00:14 [debug] 8986#0: channel command: 1
2026/05/17 01:00:14 [debug] 8986#0: get channel s:4 pid:8988 fd:16
2026/05/17 01:00:14 [debug] 8986#0: channel: 32
2026/05/17 01:00:14 [debug] 8986#0: channel command: 1
2026/05/17 01:00:14 [debug] 8986#0: get channel s:5 pid:8989 fd:17
2026/05/17 01:00:14 [debug] 8986#0: channel: 32
2026/05/17 01:00:14 [debug] 8986#0: channel command: 1
2026/05/17 01:00:14 [debug] 8986#0: get channel s:6 pid:8990 fd:21
2026/05/17 01:00:14 [debug] 8986#0: channel: 32
2026/05/17 01:00:14 [debug] 8986#0: channel command: 1
2026/05/17 01:00:14 [debug] 8986#0: get channel s:7 pid:8991 fd:22
2026/05/17 01:00:14 [debug] 8986#0: channel: -2
2026/05/17 01:00:14 [debug] 8986#0: timer delta: 33
2026/05/17 01:00:14 [debug] 8986#0: worker cycle
2026/05/17 01:00:14 [debug] 8986#0: epoll timer: -1
2026/05/17 01:00:14 [debug] 8985#0: epoll add event: fd:7 op:1 ev:00002001
2026/05/17 01:00:14 [debug] 8985#0: malloc: 00000000020883C0:5094
2026/05/17 01:00:14 [debug] 8985#0: epoll add event: fd:16 op:1 ev:00002001
2026/05/17 01:00:14 [debug] 8985#0: setproctitle: "nginx: worker process"
2026/05/17 01:00:14 [debug] 8985#0: worker cycle
2026/05/17 01:00:14 [debug] 8985#0: epoll timer: -1
2026/05/17 01:00:14 [debug] 8985#0: epoll: fd:16 ev:0001 d:00007F54682B70F0
2026/05/17 01:00:14 [debug] 8985#0: channel handler
2026/05/17 01:00:14 [debug] 8985#0: channel: 32
2026/05/17 01:00:14 [debug] 8985#0: channel command: 1
2026/05/17 01:00:14 [debug] 8985#0: get channel s:2 pid:8986 fd:14
2026/05/17 01:00:14 [debug] 8985#0: channel: 32
2026/05/17 01:00:14 [debug] 8985#0: channel command: 1
2026/05/17 01:00:14 [debug] 8985#0: get channel s:3 pid:8987 fd:15
2026/05/17 01:00:14 [debug] 8985#0: channel: 32
2026/05/17 01:00:14 [debug] 8985#0: channel command: 1
2026/05/17 01:00:14 [debug] 8985#0: get channel s:4 pid:8988 fd:19
2026/05/17 01:00:14 [debug] 8985#0: channel: 32
2026/05/17 01:00:14 [debug] 8985#0: channel command: 1
2026/05/17 01:00:14 [debug] 8985#0: get channel s:5 pid:8989 fd:20
2026/05/17 01:00:14 [debug] 8985#0: channel: 32
2026/05/17 01:00:14 [debug] 8985#0: channel command: 1
2026/05/17 01:00:14 [debug] 8985#0: get channel s:6 pid:8990 fd:21
2026/05/17 01:00:14 [debug] 8985#0: channel: 32
2026/05/17 01:00:14 [debug] 8985#0: channel command: 1
2026/05/17 01:00:14 [debug] 8985#0: get channel s:7 pid:8991 fd:22
2026/05/17 01:00:14 [debug] 8985#0: channel: -2
2026/05/17 01:00:14 [debug] 8985#0: timer delta: 34
2026/05/17 01:00:14 [debug] 8985#0: worker cycle
2026/05/17 01:00:14 [debug] 8985#0: epoll timer: -1
2026/05/17 01:00:14 [debug] 8991#0: epoll add event: fd:13 op:1 ev:00002001
2026/05/17 01:00:14 [debug] 8991#0: malloc: 00000000020883C0:5094
2026/05/17 01:00:14 [debug] 8991#0: epoll add event: fd:28 op:1 ev:00002001
2026/05/17 01:00:14 [debug] 8991#0: setproctitle: "nginx: worker process"
2026/05/17 01:00:14 [debug] 8991#0: worker cycle
2026/05/17 01:00:14 [debug] 8991#0: epoll timer: -1
2026/05/17 01:00:14 [debug] 8988#0: epoll add event: fd:10 op:1 ev:00002001
2026/05/17 01:00:14 [debug] 8988#0: malloc: 00000000020883C0:5094
2026/05/17 01:00:14 [debug] 8988#0: epoll add event: fd:22 op:1 ev:00002001
2026/05/17 01:00:14 [debug] 8988#0: setproctitle: "nginx: worker process"
2026/05/17 01:00:14 [debug] 8988#0: worker cycle
2026/05/17 01:00:14 [debug] 8988#0: epoll timer: -1
2026/05/17 01:00:14 [debug] 8988#0: epoll: fd:22 ev:0001 d:00007F54682B70F0
2026/05/17 01:00:14 [debug] 8988#0: channel handler
2026/05/17 01:00:14 [debug] 8988#0: channel: 32
2026/05/17 01:00:14 [debug] 8988#0: channel command: 1
2026/05/17 01:00:14 [debug] 8988#0: get channel s:5 pid:8989 fd:14
2026/05/17 01:00:14 [debug] 8988#0: channel: 32
2026/05/17 01:00:14 [debug] 8988#0: channel command: 1
2026/05/17 01:00:14 [debug] 8988#0: get channel s:6 pid:8990 fd:16
2026/05/17 01:00:14 [debug] 8988#0: channel: 32
2026/05/17 01:00:14 [debug] 8988#0: channel command: 1
2026/05/17 01:00:14 [debug] 8988#0: get channel s:7 pid:8991 fd:18
2026/05/17 01:00:14 [debug] 8988#0: channel: -2
2026/05/17 01:00:14 [debug] 8988#0: timer delta: 38
2026/05/17 01:00:14 [debug] 8988#0: worker cycle
2026/05/17 01:00:14 [debug] 8988#0: epoll timer: -1
2026/05/17 01:00:14 [debug] 8989#0: epoll add event: fd:11 op:1 ev:00002001
2026/05/17 01:00:14 [debug] 8989#0: malloc: 00000000020883C0:5094
2026/05/17 01:00:14 [debug] 8989#0: epoll add event: fd:24 op:1 ev:00002001
2026/05/17 01:00:14 [debug] 8989#0: setproctitle: "nginx: worker process"
2026/05/17 01:00:14 [debug] 8989#0: worker cycle
2026/05/17 01:00:14 [debug] 8989#0: epoll timer: -1
2026/05/17 01:00:14 [debug] 8989#0: epoll: fd:24 ev:0001 d:00007F54682B70F0
2026/05/17 01:00:14 [debug] 8989#0: channel handler
2026/05/17 01:00:14 [debug] 8989#0: channel: 32
2026/05/17 01:00:14 [debug] 8989#0: channel command: 1
2026/05/17 01:00:14 [debug] 8989#0: get channel s:6 pid:8990 fd:14
2026/05/17 01:00:14 [debug] 8989#0: channel: 32
2026/05/17 01:00:14 [debug] 8989#0: channel command: 1
2026/05/17 01:00:14 [debug] 8989#0: get channel s:7 pid:8991 fd:16
2026/05/17 01:00:14 [debug] 8989#0: channel: -2
2026/05/17 01:00:14 [debug] 8989#0: timer delta: 40
2026/05/17 01:00:14 [debug] 8989#0: worker cycle
2026/05/17 01:00:14 [debug] 8989#0: epoll timer: -1
2026/05/17 01:00:21 [debug] 8990#0: epoll: fd:12 ev:0001 d:00007F54682B7010
2026/05/17 01:00:21 [debug] 8990#0: accept on 0.0.0.0:5111, ready: 1
2026/05/17 01:00:21 [debug] 8990#0: posix_memalign: 00000000020897B0:512 @16
2026/05/17 01:00:21 [debug] 8990#0: *1 accept: 92.255.176.154:19862 fd:16
2026/05/17 01:00:21 [debug] 8990#0: *1 event timer add: 16: 60000:225368705079
2026/05/17 01:00:21 [debug] 8990#0: *1 reusable connection: 1
2026/05/17 01:00:21 [debug] 8990#0: *1 epoll add event: fd:16 op:1 ev:80002001
2026/05/17 01:00:21 [debug] 8990#0: accept() not ready (11: Resource temporarily unavailable)
2026/05/17 01:00:21 [debug] 8990#0: timer delta: 6987
2026/05/17 01:00:21 [debug] 8990#0: worker cycle
2026/05/17 01:00:21 [debug] 8990#0: epoll timer: 60000
2026/05/17 01:00:21 [debug] 8990#0: epoll: fd:16 ev:0001 d:00007F54682B71D0
2026/05/17 01:00:21 [debug] 8990#0: *1 http wait request handler
2026/05/17 01:00:21 [debug] 8990#0: *1 malloc: 00000000020899C0:1024
2026/05/17 01:00:21 [debug] 8990#0: *1 recv: eof:0, avail:-1
2026/05/17 01:00:21 [debug] 8990#0: *1 recv: fd:16 669 of 1024
2026/05/17 01:00:21 [debug] 8990#0: *1 reusable connection: 0
2026/05/17 01:00:21 [debug] 8990#0: *1 posix_memalign: 00000000020A2D10:4096 @16
2026/05/17 01:00:21 [debug] 8990#0: *1 http process request line
2026/05/17 01:00:21 [debug] 8990#0: *1 http request line: "GET /content/cassandra_test.mp4/index.m3u8 HTTP/1.1"
2026/05/17 01:00:21 [debug] 8990#0: *1 http uri: "/content/cassandra_test.mp4/index.m3u8"
2026/05/17 01:00:21 [debug] 8990#0: *1 http args: ""
2026/05/17 01:00:21 [debug] 8990#0: *1 http exten: "m3u8"
2026/05/17 01:00:21 [debug] 8990#0: *1 posix_memalign: 00000000020AF360:4096 @16
2026/05/17 01:00:21 [debug] 8990#0: *1 http process request header line
2026/05/17 01:00:21 [debug] 8990#0: *1 http header: "Host: origin-1.goodgame.ru:5111"
2026/05/17 01:00:21 [debug] 8990#0: *1 http header: "Connection: keep-alive"
2026/05/17 01:00:21 [debug] 8990#0: *1 http header: "Pragma: no-cache"
2026/05/17 01:00:21 [debug] 8990#0: *1 http header: "Cache-Control: no-cache"
2026/05/17 01:00:21 [debug] 8990#0: *1 http header: "Upgrade-Insecure-Requests: 1"
2026/05/17 01:00:21 [debug] 8990#0: *1 http header: "User-Agent: Mozilla/5.0 (Windows NT 10.0; Win64; x64) AppleWebKit/537.36 (KHTML, like Gecko) Chrome/148.0.0.0 Safari/537.36"
2026/05/17 01:00:21 [debug] 8990#0: *1 http header: "Accept: text/html,application/xhtml+xml,application/xml;q=0.9,image/avif,image/webp,image/apng,*/*;q=0.8,application/signed-exchange;v=b3;q=0.7"
2026/05/17 01:00:21 [debug] 8990#0: *1 http header: "Accept-Encoding: gzip, deflate"
2026/05/17 01:00:21 [debug] 8990#0: *1 http header: "Accept-Language: ru-RU,ru;q=0.9,en-US;q=0.8,en;q=0.7"
2026/05/17 01:00:21 [debug] 8990#0: *1 http header: "Cookie: tmr_lvid=d634f98e0934cfa7748c277e95cbdf9b; tmr_lvidTS=1586507285004; ecid=139690; PHPSESSID=qu9o7nmo32opafnd27uusn7a0f"
2026/05/17 01:00:21 [debug] 8990#0: *1 http header done
2026/05/17 01:00:21 [debug] 8990#0: *1 event timer del: 16: 225368705079
2026/05/17 01:00:21 [debug] 8990#0: *1 rewrite phase: 0
2026/05/17 01:00:21 [debug] 8990#0: *1 test location: "/content/"
2026/05/17 01:00:21 [debug] 8990#0: *1 using configuration "/content/"
2026/05/17 01:00:21 [debug] 8990#0: *1 http cl:-1 max:1048576
2026/05/17 01:00:21 [debug] 8990#0: *1 rewrite phase: 2
2026/05/17 01:00:21 [debug] 8990#0: *1 post rewrite phase: 3
2026/05/17 01:00:21 [debug] 8990#0: *1 generic phase: 4
2026/05/17 01:00:21 [debug] 8990#0: *1 generic phase: 5
2026/05/17 01:00:21 [debug] 8990#0: *1 access phase: 6
2026/05/17 01:00:21 [debug] 8990#0: *1 access phase: 7
2026/05/17 01:00:21 [debug] 8990#0: *1 post access phase: 8
2026/05/17 01:00:21 [debug] 8990#0: *1 generic phase: 9
2026/05/17 01:00:21 [debug] 8990#0: *1 generic phase: 10
2026/05/17 01:00:21 [debug] 8990#0: *1 ngx_http_vod_handler: started
2026/05/17 01:00:21 [debug] 8990#0: *1 http set discard body
2026/05/17 01:00:21 [debug] 8990#0: shmtx lock
2026/05/17 01:00:21 [debug] 8990#0: shmtx unlock
2026/05/17 01:00:21 [debug] 8990#0: *1 ngx_http_vod_handler: response cache miss
2026/05/17 01:00:21 [debug] 8990#0: shmtx lock
2026/05/17 01:00:21 [debug] 8990#0: shmtx unlock
2026/05/17 01:00:21 [debug] 8990#0: *1 ngx_http_vod_state_machine_parse_metadata: metadata cache miss
2026/05/17 01:00:21 [debug] 8990#0: *1 add cleanup: 00000000020AFE28
2026/05/17 01:00:21 [debug] 8990#0: *1 posix_memalign: 00000000020B0400:4097 @512
2026/05/17 01:00:21 [debug] 8990#0: *1 ngx_async_file_read: reading offset 0 size 4096
2026/05/17 01:00:21 [debug] 8990#0: *1 read: 18, 00000000020B0400, 4096, 0
2026/05/17 01:00:21 [debug] 8990#0: *1 ngx_async_file_read: ngx_read_file returned 4096
2026/05/17 01:00:21 [debug] 8990#0: *1 mp4_parser_parse_atoms: atom name=ftyp, size=32
2026/05/17 01:00:21 [debug] 8990#0: *1 mp4_parser_parse_atoms: atom name=ftyp, size=32
2026/05/17 01:00:21 [debug] 8990#0: *1 mp4_parser_parse_atoms: atom name=ftyp, size=32
2026/05/17 01:00:21 [debug] 8990#0: *1 mp4_parser_parse_atoms: atom name=free, size=8
2026/05/17 01:00:21 [debug] 8990#0: *1 mp4_parser_parse_atoms: atom name=mdat, size=56016622
2026/05/17 01:00:21 [debug] 8990#0: *1 mp4_parser_parse_atoms: atom size 56016614 overflows the input stream size 4048
2026/05/17 01:00:21 [debug] 8990#0: *1 ngx_async_file_read: reading offset 56016384 size 4096
2026/05/17 01:00:21 [debug] 8990#0: *1 read: 18, 00000000020B0400, 4096, 56016384
2026/05/17 01:00:21 [debug] 8990#0: *1 ngx_async_file_read: ngx_read_file returned 4096
2026/05/17 01:00:21 [debug] 8990#0: *1 mp4_parser_parse_atoms: atom name=moov, size=107926
2026/05/17 01:00:21 [debug] 8990#0: *1 posix_memalign: 00000000020B8C00:108545 @512
2026/05/17 01:00:21 [debug] 8990#0: *1 ngx_async_file_read: reading offset 56020480 size 104448
2026/05/17 01:00:21 [debug] 8990#0: *1 read: 18, 00000000020B9C00, 104448, 56020480
2026/05/17 01:00:21 [debug] 8990#0: *1 ngx_async_file_read: ngx_read_file returned 104108
2026/05/17 01:00:21 [debug] 8990#0: *1 free: 00000000020B0400
2026/05/17 01:00:21 [debug] 8990#0: *1 mp4_parser_parse_atoms: atom name=mvhd, size=108
2026/05/17 01:00:21 [debug] 8990#0: *1 mp4_parser_parse_atoms: atom name=trak, size=81884
2026/05/17 01:00:21 [debug] 8990#0: *1 mp4_parser_parse_atoms: atom name=trak, size=25828
2026/05/17 01:00:21 [debug] 8990#0: *1 mp4_parser_parse_atoms: atom name=udta, size=98
2026/05/17 01:00:21 [debug] 8990#0: *1 posix_memalign: 00000000020B0370:4096 @16
2026/05/17 01:00:21 [debug] 8990#0: *1 mp4_parser_parse_atoms: atom name=mvhd, size=108
2026/05/17 01:00:21 [debug] 8990#0: *1 mp4_parser_parse_atoms: atom name=trak, size=81884
2026/05/17 01:00:21 [debug] 8990#0: *1 mp4_parser_parse_atoms: atom name=tkhd, size=92
2026/05/17 01:00:21 [debug] 8990#0: *1 mp4_parser_parse_atoms: atom name=edts, size=36
2026/05/17 01:00:21 [debug] 8990#0: *1 mp4_parser_parse_atoms: atom name=elst, size=28
2026/05/17 01:00:21 [debug] 8990#0: *1 mp4_parser_parse_atoms: atom name=mdia, size=81748
2026/05/17 01:00:21 [debug] 8990#0: *1 mp4_parser_parse_atoms: atom name=mdhd, size=32
2026/05/17 01:00:21 [debug] 8990#0: *1 mp4_parser_parse_atoms: atom name=hdlr, size=45
2026/05/17 01:00:21 [debug] 8990#0: *1 mp4_parser_parse_atoms: atom name=minf, size=81663
2026/05/17 01:00:21 [debug] 8990#0: *1 mp4_parser_parse_atoms: atom name=vmhd, size=20
2026/05/17 01:00:21 [debug] 8990#0: *1 mp4_parser_parse_atoms: atom name=dinf, size=36
2026/05/17 01:00:21 [debug] 8990#0: *1 mp4_parser_parse_atoms: atom name=stbl, size=81599
2026/05/17 01:00:21 [debug] 8990#0: *1 mp4_parser_parse_atoms: atom name=stsd, size=155
2026/05/17 01:00:21 [debug] 8990#0: *1 mp4_parser_parse_atoms: atom name=stts, size=24
2026/05/17 01:00:21 [debug] 8990#0: *1 mp4_parser_parse_atoms: atom name=stss, size=164
2026/05/17 01:00:21 [debug] 8990#0: *1 mp4_parser_parse_atoms: atom name=ctts, size=31176
2026/05/17 01:00:21 [debug] 8990#0: *1 mp4_parser_parse_atoms: atom name=stsc, size=21232
2026/05/17 01:00:21 [debug] 8990#0: *1 mp4_parser_parse_atoms: atom name=stsz, size=16192
2026/05/17 01:00:21 [debug] 8990#0: *1 mp4_parser_parse_atoms: atom name=stco, size=12648
2026/05/17 01:00:21 [debug] 8990#0: *1 mp4_parser_parse_stsd_atom: extra data  00 00 00 35 61 76 63 43 01 64 00 2a ff e1 00 1e 67 64 00 2a ac d9 40 78 02 27 e5 c0 5a 80 80 80 a0 00 00 03 00 20 00 00 0f 11 e3 06 32 c0 01 00 04 68 ef bc b0 
2026/05/17 01:00:21 [debug] 8990#0: *1 mp4_parser_parse_atoms: atom name=avcC, size=53
2026/05/17 01:00:21 [debug] 8990#0: *1 mp4_parser_parse_atoms: atom name=trak, size=25828
2026/05/17 01:00:21 [debug] 8990#0: *1 mp4_parser_parse_atoms: atom name=tkhd, size=92
2026/05/17 01:00:21 [debug] 8990#0: *1 mp4_parser_parse_atoms: atom name=edts, size=36
2026/05/17 01:00:21 [debug] 8990#0: *1 mp4_parser_parse_atoms: atom name=elst, size=28
2026/05/17 01:00:21 [debug] 8990#0: *1 mp4_parser_parse_atoms: atom name=mdia, size=25670
2026/05/17 01:00:21 [debug] 8990#0: *1 mp4_parser_parse_atoms: atom name=mdhd, size=32
2026/05/17 01:00:21 [debug] 8990#0: *1 mp4_parser_parse_atoms: atom name=hdlr, size=45
2026/05/17 01:00:21 [debug] 8990#0: *1 mp4_parser_parse_atoms: atom name=minf, size=25585
2026/05/17 01:00:21 [debug] 8990#0: *1 mp4_parser_parse_atoms: atom name=smhd, size=16
2026/05/17 01:00:21 [debug] 8990#0: *1 mp4_parser_parse_atoms: atom name=dinf, size=36
2026/05/17 01:00:21 [debug] 8990#0: *1 mp4_parser_parse_atoms: atom name=stbl, size=25525
2026/05/17 01:00:21 [debug] 8990#0: *1 mp4_parser_parse_atoms: atom name=stsd, size=103
2026/05/17 01:00:21 [debug] 8990#0: *1 mp4_parser_parse_atoms: atom name=stts, size=32
2026/05/17 01:00:21 [debug] 8990#0: *1 mp4_parser_parse_atoms: atom name=stsc, size=28
2026/05/17 01:00:21 [debug] 8990#0: *1 mp4_parser_parse_atoms: atom name=stsz, size=12652
2026/05/17 01:00:21 [debug] 8990#0: *1 mp4_parser_parse_atoms: atom name=stco, size=12648
2026/05/17 01:00:21 [debug] 8990#0: *1 mp4_parser_parse_atoms: atom name=sgpd, size=26
2026/05/17 01:00:21 [debug] 8990#0: *1 mp4_parser_parse_atoms: atom name=sbgp, size=28
2026/05/17 01:00:21 [debug] 8990#0: *1 mp4_parser_parse_atoms: atom name=udta, size=22
2026/05/17 01:00:21 [debug] 8990#0: *1 mp4_parser_parse_atoms: atom name=name, size=14
2026/05/17 01:00:21 [debug] 8990#0: *1 mp4_parser_parse_stsd_atom: extra data  00 00 00 33 65 73 64 73 00 00 00 00 03 80 80 80 22 00 02 00 04 80 80 80 14 40 15 00 00 00 00 02 71 2b 00 02 71 2b 05 80 80 80 02 11 90 06 80 80 80 01 02 
2026/05/17 01:00:21 [debug] 8990#0: *1 mp4_parser_parse_atoms: atom name=esds, size=51
2026/05/17 01:00:21 [debug] 8990#0: *1 codec_config_mp4a_config_parse: extra data  11 90 
2026/05/17 01:00:21 [debug] 8990#0: *1 codec_config_mp4a_config_parse: codec config: object_type=2 sample_rate_index=3 channel_config=2
2026/05/17 01:00:21 [debug] 8990#0: *1 mp4_parser_parse_atoms: atom name=udta, size=98
2026/05/17 01:00:21 [debug] 8990#0: *1 mp4_parser_parse_frames: parsing range 0-18446744073709551615 scale 1000
2026/05/17 01:00:21 [debug] 8990#0: *1 mp4_parser_parse_frames: parsing range 0-18446744073709551615 scale 1000
2026/05/17 01:00:21 [debug] 8990#0: *1 ngx_http_vod_update_source_tracks: first frame dts is 0
2026/05/17 01:00:21 [debug] 8990#0: *1 ngx_http_vod_update_source_tracks: first frame dts is 0
2026/05/17 01:00:21 [debug] 8990#0: shmtx lock
2026/05/17 01:00:21 [debug] 8990#0: shmtx unlock
2026/05/17 01:00:21 [debug] 8990#0: *1 ngx_http_vod_state_machine_parse_metadata: stored metadata in cache
2026/05/17 01:00:21 [debug] 8990#0: *1 free: 00000000020B8C00
2026/05/17 01:00:21 [debug] 8990#0: shmtx lock
2026/05/17 01:00:21 [debug] 8990#0: shmtx unlock
2026/05/17 01:00:21 [debug] 8990#0: *1 ngx_http_vod_handle_metadata_request: stored in response cache
2026/05/17 01:00:21 [debug] 8990#0: *1 HTTP/1.1 200 OK
Server: nginx/1.31.0
Date: Sat, 16 May 2026 22:00:21 GMT
Content-Type: application/vnd.apple.mpegurl
Content-Length: 773
Last-Modified: Sun, 19 Nov 2000 08:52:00 GMT
Connection: keep-alive
ETag: "3a1794b0-305"
Expires: Mon, 24 Aug 2026 22:00:21 GMT
Cache-Control: max-age=8640000
Access-Control-Allow-Headers: *
Access-Control-Expose-Headers: Server,range,Content-Length,Content-Range
Access-Control-Allow-Methods: GET, HEAD, OPTIONS
Access-Control-Allow-Origin: *
Accept-Ranges: bytes

2026/05/17 01:00:21 [debug] 8990#0: *1 write new buf t:1 f:0 00000000020B10D0, pos 00000000020B10D0, size: 519 file: 0, size: 0
2026/05/17 01:00:21 [debug] 8990#0: *1 http write filter: l:0 f:0 s:519
2026/05/17 01:00:21 [debug] 8990#0: *1 http output filter "/content/cassandra_test.mp4/index.m3u8?"
2026/05/17 01:00:21 [debug] 8990#0: *1 http copy filter: "/content/cassandra_test.mp4/index.m3u8?"
2026/05/17 01:00:21 [debug] 8990#0: *1 posix_memalign: 00000000020B1380:4096 @16
2026/05/17 01:00:21 [debug] 8990#0: *1 http postpone filter "/content/cassandra_test.mp4/index.m3u8?" 00007FFF02CBEB50
2026/05/17 01:00:21 [debug] 8990#0: *1 write old buf t:1 f:0 00000000020B10D0, pos 00000000020B10D0, size: 519 file: 0, size: 0
2026/05/17 01:00:21 [debug] 8990#0: *1 write new buf t:1 f:0 0000000000000000, pos 00000000020B0C60, size: 773 file: 0, size: 0
2026/05/17 01:00:21 [debug] 8990#0: *1 http write filter: l:1 f:0 s:1292
2026/05/17 01:00:21 [debug] 8990#0: *1 http write filter limit 2097152
2026/05/17 01:00:21 [debug] 8990#0: *1 writev: 1292 of 1292
2026/05/17 01:00:21 [debug] 8990#0: *1 http write filter 0000000000000000
2026/05/17 01:00:21 [debug] 8990#0: *1 http copy filter: 0 "/content/cassandra_test.mp4/index.m3u8?"
2026/05/17 01:00:21 [debug] 8990#0: *1 ngx_http_vod_handler: done
2026/05/17 01:00:21 [debug] 8990#0: *1 http finalize request: 0, "/content/cassandra_test.mp4/index.m3u8?" a:1, c:1
2026/05/17 01:00:21 [debug] 8990#0: *1 set http keepalive handler
2026/05/17 01:00:21 [debug] 8990#0: *1 http close request
2026/05/17 01:00:21 [debug] 8990#0: *1 http log handler
2026/05/17 01:00:21 [debug] 8990#0: *1 run cleanup: 00000000020AFE28
2026/05/17 01:00:21 [debug] 8990#0: *1 file cleanup: fd:18
2026/05/17 01:00:21 [debug] 8990#0: *1 free: 0000000000000000
2026/05/17 01:00:21 [debug] 8990#0: *1 free: 0000000000000000
2026/05/17 01:00:21 [debug] 8990#0: *1 free: 00000000020A2D10, unused: 5
2026/05/17 01:00:21 [debug] 8990#0: *1 free: 00000000020AF360, unused: 8
2026/05/17 01:00:21 [debug] 8990#0: *1 free: 00000000020B0370, unused: 40
2026/05/17 01:00:21 [debug] 8990#0: *1 free: 00000000020B1380, unused: 3698
2026/05/17 01:00:21 [debug] 8990#0: *1 free: 00000000020899C0
2026/05/17 01:00:21 [debug] 8990#0: *1 hc free: 0000000000000000
2026/05/17 01:00:21 [debug] 8990#0: *1 hc busy: 0000000000000000 0
2026/05/17 01:00:21 [debug] 8990#0: *1 tcp_nodelay
2026/05/17 01:00:21 [debug] 8990#0: *1 reusable connection: 1
2026/05/17 01:00:21 [debug] 8990#0: *1 event timer add: 16: 15000:225368660079
2026/05/17 01:00:21 [debug] 8990#0: timer delta: 0
2026/05/17 01:00:21 [debug] 8990#0: worker cycle
2026/05/17 01:00:21 [debug] 8990#0: epoll timer: 15000
2026/05/17 01:00:36 [debug] 8990#0: timer delta: 15016
2026/05/17 01:00:36 [debug] 8990#0: *1 event timer del: 16: 225368660079
2026/05/17 01:00:36 [debug] 8990#0: *1 http keepalive handler
2026/05/17 01:00:36 [debug] 8990#0: *1 close http connection: 16
2026/05/17 01:00:36 [debug] 8990#0: *1 reusable connection: 0
2026/05/17 01:00:36 [debug] 8990#0: *1 free: 0000000000000000
2026/05/17 01:00:36 [debug] 8990#0: *1 free: 00000000020897B0, unused: 144
2026/05/17 01:00:36 [debug] 8990#0: worker cycle
2026/05/17 01:00:36 [debug] 8990#0: epoll timer: -1
2026/05/17 01:01:27 [notice] 8983#0: signal 15 (SIGTERM) received from 24731, exiting
2026/05/17 01:01:27 [debug] 8983#0: wake up, sigio 0
2026/05/17 01:01:27 [debug] 8983#0: child: 0 8984 e:0 t:0 d:0 r:1 j:0
2026/05/17 01:01:27 [debug] 8983#0: child: 1 8985 e:0 t:0 d:0 r:1 j:0
2026/05/17 01:01:27 [debug] 8983#0: child: 2 8986 e:0 t:0 d:0 r:1 j:0
2026/05/17 01:01:27 [debug] 8983#0: child: 3 8987 e:0 t:0 d:0 r:1 j:0
2026/05/17 01:01:27 [debug] 8983#0: child: 4 8988 e:0 t:0 d:0 r:1 j:0
2026/05/17 01:01:27 [debug] 8983#0: child: 5 8989 e:0 t:0 d:0 r:1 j:0
2026/05/17 01:01:27 [debug] 8983#0: child: 6 8990 e:0 t:0 d:0 r:1 j:0
2026/05/17 01:01:27 [debug] 8983#0: child: 7 8991 e:0 t:0 d:0 r:1 j:0
2026/05/17 01:01:27 [debug] 8985#0: epoll: fd:16 ev:0001 d:00007F54682B70F0
2026/05/17 01:01:27 [debug] 8983#0: termination cycle: 50
2026/05/17 01:01:27 [debug] 8985#0: channel handler
2026/05/17 01:01:27 [debug] 8988#0: epoll: fd:22 ev:0001 d:00007F54682B70F0
2026/05/17 01:01:27 [debug] 8985#0: channel: 32
2026/05/17 01:01:27 [debug] 8990#0: epoll: fd:26 ev:0001 d:00007F54682B70F0
2026/05/17 01:01:27 [debug] 8983#0: sigsuspend
2026/05/17 01:01:27 [debug] 8988#0: channel handler
2026/05/17 01:01:27 [debug] 8985#0: channel command: 4
2026/05/17 01:01:27 [debug] 8987#0: epoll: fd:20 ev:0001 d:00007F54682B70F0
2026/05/17 01:01:27 [debug] 8986#0: epoll: fd:18 ev:0001 d:00007F54682B70F0
2026/05/17 01:01:27 [debug] 8984#0: epoll: fd:14 ev:0001 d:00007F54682B70F0
2026/05/17 01:01:27 [debug] 8990#0: channel handler
2026/05/17 01:01:27 [debug] 8988#0: channel: 32
2026/05/17 01:01:27 [debug] 8985#0: channel: -2
2026/05/17 01:01:27 [debug] 8991#0: epoll: fd:28 ev:0001 d:00007F54682B70F0
2026/05/17 01:01:27 [debug] 8987#0: channel handler
2026/05/17 01:01:27 [debug] 8986#0: channel handler
2026/05/17 01:01:27 [debug] 8984#0: channel handler
2026/05/17 01:01:27 [debug] 8986#0: channel: 32
2026/05/17 01:01:27 [debug] 8990#0: channel: 32
2026/05/17 01:01:27 [debug] 8985#0: timer delta: 73601
2026/05/17 01:01:27 [debug] 8989#0: epoll: fd:24 ev:0001 d:00007F54682B70F0
2026/05/17 01:01:27 [debug] 8991#0: channel handler
2026/05/17 01:01:27 [debug] 8987#0: channel: 32
2026/05/17 01:01:27 [debug] 8986#0: channel command: 4
2026/05/17 01:01:27 [debug] 8990#0: channel command: 4
2026/05/17 01:01:27 [notice] 8985#0: exiting
2026/05/17 01:01:27 [debug] 8989#0: channel handler
2026/05/17 01:01:27 [debug] 8987#0: channel command: 4
2026/05/17 01:01:27 [debug] 8986#0: channel: -2
2026/05/17 01:01:27 [debug] 8991#0: channel: 32
2026/05/17 01:01:27 [debug] 8990#0: channel: -2
2026/05/17 01:01:27 [debug] 8985#0: flush files
2026/05/17 01:01:27 [debug] 8989#0: channel: 32
2026/05/17 01:01:27 [debug] 8987#0: channel: -2
2026/05/17 01:01:27 [debug] 8986#0: timer delta: 73602
2026/05/17 01:01:27 [debug] 8991#0: channel command: 4
2026/05/17 01:01:27 [debug] 8990#0: timer delta: 51606
2026/05/17 01:01:27 [debug] 8989#0: channel command: 4
2026/05/17 01:01:27 [debug] 8987#0: timer delta: 73609
2026/05/17 01:01:27 [notice] 8986#0: exiting
2026/05/17 01:01:27 [debug] 8991#0: channel: -2
2026/05/17 01:01:27 [notice] 8990#0: exiting
2026/05/17 01:01:27 [debug] 8989#0: channel: -2
2026/05/17 01:01:27 [debug] 8984#0: channel: 32
2026/05/17 01:01:27 [notice] 8987#0: exiting
2026/05/17 01:01:27 [debug] 8986#0: flush files
2026/05/17 01:01:27 [debug] 8991#0: timer delta: 73635
2026/05/17 01:01:27 [debug] 8989#0: timer delta: 73595
2026/05/17 01:01:27 [debug] 8990#0: flush files
2026/05/17 01:01:27 [debug] 8984#0: channel command: 4
2026/05/17 01:01:27 [debug] 8987#0: flush files
2026/05/17 01:01:27 [notice] 8991#0: exiting
2026/05/17 01:01:27 [notice] 8989#0: exiting
2026/05/17 01:01:27 [debug] 8984#0: channel: -2
2026/05/17 01:01:27 [debug] 8991#0: flush files
2026/05/17 01:01:27 [debug] 8984#0: timer delta: 73611
2026/05/17 01:01:27 [debug] 8989#0: flush files
2026/05/17 01:01:27 [notice] 8984#0: exiting
2026/05/17 01:01:27 [debug] 8984#0: flush files
2026/05/17 01:01:27 [debug] 8985#0: run cleanup: 00000000020B49A8
2026/05/17 01:01:27 [debug] 8985#0: run cleanup: 00000000020A9EA8
2026/05/17 01:01:27 [debug] 8985#0: cleanup resolver
2026/05/17 01:01:27 [debug] 8985#0: run cleanup: 000000000207A268
2026/05/17 01:01:27 [debug] 8985#0: free: 00000000020883C0
2026/05/17 01:01:27 [debug] 8985#0: free: 00000000020B7380
2026/05/17 01:01:27 [debug] 8985#0: free: 00000000020AA1C0
2026/05/17 01:01:27 [debug] 8986#0: run cleanup: 00000000020B49A8
2026/05/17 01:01:27 [debug] 8985#0: free: 00000000020A51A0
2026/05/17 01:01:27 [debug] 8987#0: run cleanup: 00000000020B49A8
2026/05/17 01:01:27 [debug] 8991#0: run cleanup: 00000000020B49A8
2026/05/17 01:01:27 [debug] 8986#0: run cleanup: 00000000020A9EA8
2026/05/17 01:01:27 [debug] 8989#0: run cleanup: 00000000020B49A8
2026/05/17 01:01:27 [debug] 8985#0: free: 00000000020A3D20
2026/05/17 01:01:27 [debug] 8987#0: run cleanup: 00000000020A9EA8
2026/05/17 01:01:27 [debug] 8984#0: run cleanup: 00000000020B49A8
2026/05/17 01:01:27 [debug] 8990#0: run cleanup: 00000000020B49A8
2026/05/17 01:01:27 [debug] 8991#0: run cleanup: 00000000020A9EA8
2026/05/17 01:01:27 [debug] 8986#0: cleanup resolver
2026/05/17 01:01:27 [debug] 8989#0: run cleanup: 00000000020A9EA8
2026/05/17 01:01:27 [debug] 8985#0: free: 0000000002091040
2026/05/17 01:01:27 [debug] 8987#0: cleanup resolver
2026/05/17 01:01:27 [debug] 8984#0: run cleanup: 00000000020A9EA8
2026/05/17 01:01:27 [debug] 8990#0: run cleanup: 00000000020A9EA8
2026/05/17 01:01:27 [debug] 8991#0: cleanup resolver
2026/05/17 01:01:27 [debug] 8986#0: run cleanup: 000000000207A268
2026/05/17 01:01:27 [debug] 8989#0: cleanup resolver
2026/05/17 01:01:27 [debug] 8985#0: free: 000000000208BF70
2026/05/17 01:01:27 [debug] 8987#0: run cleanup: 000000000207A268
2026/05/17 01:01:27 [debug] 8984#0: cleanup resolver
2026/05/17 01:01:27 [debug] 8990#0: cleanup resolver
2026/05/17 01:01:27 [debug] 8991#0: run cleanup: 000000000207A268
2026/05/17 01:01:27 [debug] 8986#0: free: 00000000020883C0
2026/05/17 01:01:27 [debug] 8989#0: run cleanup: 000000000207A268
2026/05/17 01:01:27 [debug] 8985#0: free: 000000000208AEB0
2026/05/17 01:01:27 [debug] 8987#0: free: 00000000020883C0
2026/05/17 01:01:27 [debug] 8984#0: run cleanup: 000000000207A268
2026/05/17 01:01:27 [debug] 8990#0: run cleanup: 000000000207A268
2026/05/17 01:01:27 [debug] 8991#0: free: 00000000020883C0
2026/05/17 01:01:27 [debug] 8986#0: free: 00000000020B7380
2026/05/17 01:01:27 [debug] 8989#0: free: 00000000020883C0
2026/05/17 01:01:27 [debug] 8985#0: free: 0000000002089DF0
2026/05/17 01:01:27 [debug] 8987#0: free: 00000000020B7380
2026/05/17 01:01:27 [debug] 8984#0: free: 00000000020883C0
2026/05/17 01:01:27 [debug] 8990#0: free: 00000000020883C0
2026/05/17 01:01:27 [debug] 8991#0: free: 00000000020B7380
2026/05/17 01:01:27 [debug] 8986#0: free: 00000000020AA1C0
2026/05/17 01:01:27 [debug] 8989#0: free: 00000000020B7380
2026/05/17 01:01:27 [debug] 8985#0: free: 0000000002078350, unused: 0
2026/05/17 01:01:27 [debug] 8987#0: free: 00000000020AA1C0
2026/05/17 01:01:27 [debug] 8984#0: free: 00000000020B7380
2026/05/17 01:01:27 [debug] 8990#0: free: 00000000020B7380
2026/05/17 01:01:27 [debug] 8991#0: free: 00000000020AA1C0
2026/05/17 01:01:27 [debug] 8986#0: free: 00000000020A51A0
2026/05/17 01:01:27 [debug] 8989#0: free: 00000000020AA1C0
2026/05/17 01:01:27 [debug] 8985#0: free: 0000000002082BA0, unused: 1
2026/05/17 01:01:27 [debug] 8987#0: free: 00000000020A51A0
2026/05/17 01:01:27 [debug] 8984#0: free: 00000000020AA1C0
2026/05/17 01:01:27 [debug] 8990#0: free: 00000000020AA1C0
2026/05/17 01:01:27 [debug] 8991#0: free: 00000000020A51A0
2026/05/17 01:01:27 [debug] 8986#0: free: 00000000020A3D20
2026/05/17 01:01:27 [debug] 8989#0: free: 00000000020A51A0
2026/05/17 01:01:27 [debug] 8985#0: free: 000000000208D030, unused: 0
2026/05/17 01:01:27 [debug] 8987#0: free: 00000000020A3D20
2026/05/17 01:01:27 [debug] 8984#0: free: 00000000020A51A0
2026/05/17 01:01:27 [debug] 8990#0: free: 00000000020A51A0
2026/05/17 01:01:27 [debug] 8991#0: free: 00000000020A3D20
2026/05/17 01:01:27 [debug] 8986#0: free: 0000000002091040
2026/05/17 01:01:27 [debug] 8989#0: free: 00000000020A3D20
2026/05/17 01:01:27 [debug] 8985#0: free: 00000000020A61B0, unused: 0
2026/05/17 01:01:27 [debug] 8987#0: free: 0000000002091040
2026/05/17 01:01:27 [debug] 8984#0: free: 00000000020A3D20
2026/05/17 01:01:27 [debug] 8990#0: free: 00000000020A3D20
2026/05/17 01:01:27 [debug] 8991#0: free: 0000000002091040
2026/05/17 01:01:27 [debug] 8986#0: free: 000000000208BF70
2026/05/17 01:01:27 [debug] 8989#0: free: 0000000002091040
2026/05/17 01:01:27 [debug] 8985#0: free: 00000000020AB350, unused: 0
2026/05/17 01:01:27 [debug] 8987#0: free: 000000000208BF70
2026/05/17 01:01:27 [debug] 8984#0: free: 0000000002091040
2026/05/17 01:01:27 [debug] 8990#0: free: 0000000002091040
2026/05/17 01:01:27 [debug] 8991#0: free: 000000000208BF70
2026/05/17 01:01:27 [debug] 8991#0: free: 000000000208AEB0
2026/05/17 01:01:27 [debug] 8991#0: free: 0000000002089DF0
2026/05/17 01:01:27 [debug] 8991#0: free: 0000000002078350, unused: 0
2026/05/17 01:01:27 [debug] 8991#0: free: 0000000002082BA0, unused: 1
2026/05/17 01:01:27 [debug] 8991#0: free: 000000000208D030, unused: 0
2026/05/17 01:01:27 [debug] 8986#0: free: 000000000208AEB0
2026/05/17 01:01:27 [debug] 8989#0: free: 000000000208BF70
2026/05/17 01:01:27 [debug] 8985#0: free: 00000000020B3370, unused: 10656
2026/05/17 01:01:27 [debug] 8987#0: free: 000000000208AEB0
2026/05/17 01:01:27 [debug] 8984#0: free: 000000000208BF70
2026/05/17 01:01:27 [debug] 8990#0: free: 000000000208BF70
2026/05/17 01:01:27 [debug] 8991#0: free: 00000000020A61B0, unused: 0
2026/05/17 01:01:27 [debug] 8986#0: free: 0000000002089DF0
2026/05/17 01:01:27 [debug] 8989#0: free: 000000000208AEB0
2026/05/17 01:01:27 [debug] 8987#0: free: 0000000002089DF0
2026/05/17 01:01:27 [debug] 8984#0: free: 000000000208AEB0
2026/05/17 01:01:27 [debug] 8990#0: free: 000000000208AEB0
2026/05/17 01:01:27 [debug] 8991#0: free: 00000000020AB350, unused: 0
2026/05/17 01:01:27 [debug] 8986#0: free: 0000000002078350, unused: 0
2026/05/17 01:01:27 [debug] 8989#0: free: 0000000002089DF0
2026/05/17 01:01:27 [debug] 8987#0: free: 0000000002078350, unused: 0
2026/05/17 01:01:27 [debug] 8984#0: free: 0000000002089DF0
2026/05/17 01:01:27 [debug] 8990#0: free: 0000000002089DF0
2026/05/17 01:01:27 [debug] 8991#0: free: 00000000020B3370, unused: 10656
2026/05/17 01:01:27 [debug] 8986#0: free: 0000000002082BA0, unused: 1
2026/05/17 01:01:27 [debug] 8989#0: free: 0000000002078350, unused: 0
2026/05/17 01:01:27 [debug] 8987#0: free: 0000000002082BA0, unused: 1
2026/05/17 01:01:27 [debug] 8984#0: free: 0000000002078350, unused: 0
2026/05/17 01:01:27 [debug] 8990#0: free: 0000000002078350, unused: 0
2026/05/17 01:01:27 [debug] 8986#0: free: 000000000208D030, unused: 0
2026/05/17 01:01:27 [debug] 8989#0: free: 0000000002082BA0, unused: 1
2026/05/17 01:01:27 [debug] 8987#0: free: 000000000208D030, unused: 0
2026/05/17 01:01:27 [debug] 8984#0: free: 0000000002082BA0, unused: 1
2026/05/17 01:01:27 [debug] 8990#0: free: 0000000002082BA0, unused: 1
2026/05/17 01:01:27 [debug] 8986#0: free: 00000000020A61B0, unused: 0
2026/05/17 01:01:27 [notice] 8985#0: exit
2026/05/17 01:01:27 [debug] 8989#0: free: 000000000208D030, unused: 0
2026/05/17 01:01:27 [debug] 8987#0: free: 00000000020A61B0, unused: 0
2026/05/17 01:01:27 [debug] 8984#0: free: 000000000208D030, unused: 0
2026/05/17 01:01:27 [debug] 8990#0: free: 000000000208D030, unused: 0
2026/05/17 01:01:27 [debug] 8986#0: free: 00000000020AB350, unused: 0
2026/05/17 01:01:27 [debug] 8989#0: free: 00000000020A61B0, unused: 0
2026/05/17 01:01:27 [notice] 8991#0: exit
2026/05/17 01:01:27 [debug] 8987#0: free: 00000000020AB350, unused: 0
2026/05/17 01:01:27 [debug] 8984#0: free: 00000000020A61B0, unused: 0
2026/05/17 01:01:27 [debug] 8990#0: free: 00000000020A61B0, unused: 0
2026/05/17 01:01:27 [debug] 8986#0: free: 00000000020B3370, unused: 10656
2026/05/17 01:01:27 [debug] 8989#0: free: 00000000020AB350, unused: 0
2026/05/17 01:01:27 [debug] 8987#0: free: 00000000020B3370, unused: 10656
2026/05/17 01:01:27 [debug] 8984#0: free: 00000000020AB350, unused: 0
2026/05/17 01:01:27 [debug] 8990#0: free: 00000000020AB350, unused: 0
2026/05/17 01:01:27 [debug] 8989#0: free: 00000000020B3370, unused: 10656
2026/05/17 01:01:27 [debug] 8984#0: free: 00000000020B3370, unused: 10656
2026/05/17 01:01:27 [debug] 8990#0: free: 00000000020B3370, unused: 10656
2026/05/17 01:01:27 [notice] 8986#0: exit
2026/05/17 01:01:27 [notice] 8987#0: exit
2026/05/17 01:01:27 [notice] 8989#0: exit
2026/05/17 01:01:27 [notice] 8984#0: exit
2026/05/17 01:01:27 [notice] 8990#0: exit
2026/05/17 01:01:27 [notice] 8983#0: signal 17 (SIGCHLD) received from 8989
2026/05/17 01:01:27 [notice] 8983#0: worker process 8989 exited with code 0
2026/05/17 01:01:27 [debug] 8983#0: shmtx forced unlock
2026/05/17 01:01:27 [debug] 8983#0: shmtx forced unlock
2026/05/17 01:01:27 [debug] 8983#0: shmtx forced unlock
2026/05/17 01:01:27 [debug] 8983#0: wake up, sigio 10
2026/05/17 01:01:27 [debug] 8983#0: reap children
2026/05/17 01:01:27 [debug] 8983#0: child: 0 8984 e:1 t:0 d:0 r:1 j:0
2026/05/17 01:01:27 [debug] 8983#0: child: 1 8985 e:1 t:0 d:0 r:1 j:0
2026/05/17 01:01:27 [debug] 8983#0: child: 2 8986 e:1 t:0 d:0 r:1 j:0
2026/05/17 01:01:27 [debug] 8983#0: child: 3 8987 e:1 t:0 d:0 r:1 j:0
2026/05/17 01:01:27 [debug] 8983#0: child: 4 8988 e:1 t:0 d:0 r:1 j:0
2026/05/17 01:01:27 [debug] 8983#0: child: 5 8989 e:1 t:1 d:0 r:1 j:0
2026/05/17 01:01:27 [debug] 8983#0: pass close channel s:5 pid:8989 to:8984
2026/05/17 01:01:27 [debug] 8983#0: pass close channel s:5 pid:8989 to:8985
2026/05/17 01:01:27 [debug] 8983#0: pass close channel s:5 pid:8989 to:8986
2026/05/17 01:01:27 [debug] 8983#0: pass close channel s:5 pid:8989 to:8987
2026/05/17 01:01:27 [debug] 8983#0: pass close channel s:5 pid:8989 to:8988
2026/05/17 01:01:27 [debug] 8983#0: pass close channel s:5 pid:8989 to:8990
2026/05/17 01:01:27 [debug] 8983#0: pass close channel s:5 pid:8989 to:8991
2026/05/17 01:01:27 [debug] 8983#0: child: 6 8990 e:1 t:0 d:0 r:1 j:0
2026/05/17 01:01:27 [debug] 8983#0: child: 7 8991 e:1 t:0 d:0 r:1 j:0
2026/05/17 01:01:27 [debug] 8983#0: termination cycle: 50
2026/05/17 01:01:27 [debug] 8983#0: sigsuspend
2026/05/17 01:01:27 [notice] 8983#0: signal 29 (SIGIO) received
2026/05/17 01:01:27 [debug] 8983#0: wake up, sigio 9
2026/05/17 01:01:27 [debug] 8983#0: termination cycle: 50
2026/05/17 01:01:27 [debug] 8983#0: sigsuspend
2026/05/17 01:01:27 [notice] 8983#0: signal 17 (SIGCHLD) received from 8991
2026/05/17 01:01:27 [notice] 8983#0: worker process 8991 exited with code 0
2026/05/17 01:01:27 [debug] 8983#0: shmtx forced unlock
2026/05/17 01:01:27 [debug] 8983#0: shmtx forced unlock
2026/05/17 01:01:27 [debug] 8983#0: shmtx forced unlock
2026/05/17 01:01:27 [debug] 8983#0: wake up, sigio 8
2026/05/17 01:01:27 [debug] 8983#0: reap children
2026/05/17 01:01:27 [debug] 8983#0: child: 0 8984 e:1 t:0 d:0 r:1 j:0
2026/05/17 01:01:27 [debug] 8983#0: child: 1 8985 e:1 t:0 d:0 r:1 j:0
2026/05/17 01:01:27 [debug] 8983#0: child: 2 8986 e:1 t:0 d:0 r:1 j:0
2026/05/17 01:01:27 [debug] 8983#0: child: 3 8987 e:1 t:0 d:0 r:1 j:0
2026/05/17 01:01:27 [debug] 8983#0: child: 4 8988 e:1 t:0 d:0 r:1 j:0
2026/05/17 01:01:27 [debug] 8983#0: child: 5 -1 e:1 t:1 d:0 r:1 j:0
2026/05/17 01:01:27 [debug] 8983#0: child: 6 8990 e:1 t:0 d:0 r:1 j:0
2026/05/17 01:01:27 [debug] 8983#0: child: 7 8991 e:1 t:1 d:0 r:1 j:0
2026/05/17 01:01:27 [debug] 8983#0: pass close channel s:7 pid:8991 to:8984
2026/05/17 01:01:27 [debug] 8983#0: pass close channel s:7 pid:8991 to:8985
2026/05/17 01:01:27 [debug] 8983#0: pass close channel s:7 pid:8991 to:8986
2026/05/17 01:01:27 [debug] 8983#0: pass close channel s:7 pid:8991 to:8987
2026/05/17 01:01:27 [debug] 8983#0: pass close channel s:7 pid:8991 to:8988
2026/05/17 01:01:27 [debug] 8983#0: pass close channel s:7 pid:8991 to:8990
2026/05/17 01:01:27 [debug] 8983#0: termination cycle: 50
2026/05/17 01:01:27 [debug] 8983#0: sigsuspend
2026/05/17 01:01:27 [notice] 8983#0: signal 29 (SIGIO) received
2026/05/17 01:01:27 [debug] 8983#0: wake up, sigio 7
2026/05/17 01:01:27 [debug] 8983#0: termination cycle: 50
2026/05/17 01:01:27 [debug] 8988#0: channel command: 4
2026/05/17 01:01:27 [debug] 8983#0: sigsuspend
2026/05/17 01:01:27 [debug] 8988#0: channel: 32
2026/05/17 01:01:27 [debug] 8988#0: channel command: 2
2026/05/17 01:01:27 [debug] 8988#0: close channel s:5 pid:8989 our:8989 fd:14
2026/05/17 01:01:27 [debug] 8988#0: channel: 32
2026/05/17 01:01:27 [debug] 8988#0: channel command: 2
2026/05/17 01:01:27 [debug] 8988#0: close channel s:7 pid:8991 our:8991 fd:18
2026/05/17 01:01:27 [notice] 8983#0: signal 17 (SIGCHLD) received from 8985
2026/05/17 01:01:27 [debug] 8988#0: channel: -2
2026/05/17 01:01:27 [debug] 8988#0: timer delta: 73597
2026/05/17 01:01:27 [notice] 8988#0: exiting
2026/05/17 01:01:27 [debug] 8988#0: flush files
2026/05/17 01:01:27 [notice] 8983#0: worker process 8985 exited with code 0
2026/05/17 01:01:27 [debug] 8983#0: shmtx forced unlock
2026/05/17 01:01:27 [debug] 8983#0: shmtx forced unlock
2026/05/17 01:01:27 [debug] 8983#0: shmtx forced unlock
2026/05/17 01:01:27 [notice] 8983#0: worker process 8986 exited with code 0
2026/05/17 01:01:27 [debug] 8983#0: shmtx forced unlock
2026/05/17 01:01:27 [debug] 8983#0: shmtx forced unlock
2026/05/17 01:01:27 [debug] 8983#0: shmtx forced unlock
2026/05/17 01:01:27 [debug] 8983#0: wake up, sigio 6
2026/05/17 01:01:27 [debug] 8983#0: reap children
2026/05/17 01:01:27 [debug] 8983#0: child: 0 8984 e:1 t:0 d:0 r:1 j:0
2026/05/17 01:01:27 [debug] 8983#0: child: 1 8985 e:1 t:1 d:0 r:1 j:0
2026/05/17 01:01:27 [debug] 8983#0: pass close channel s:1 pid:8985 to:8984
2026/05/17 01:01:27 [debug] 8983#0: pass close channel s:1 pid:8985 to:8987
2026/05/17 01:01:27 [debug] 8983#0: pass close channel s:1 pid:8985 to:8988
2026/05/17 01:01:27 [debug] 8983#0: pass close channel s:1 pid:8985 to:8990
2026/05/17 01:01:27 [debug] 8983#0: child: 2 8986 e:1 t:1 d:0 r:1 j:0
2026/05/17 01:01:27 [debug] 8983#0: pass close channel s:2 pid:8986 to:8984
2026/05/17 01:01:27 [debug] 8983#0: pass close channel s:2 pid:8986 to:8987
2026/05/17 01:01:27 [debug] 8983#0: pass close channel s:2 pid:8986 to:8988
2026/05/17 01:01:27 [debug] 8983#0: pass close channel s:2 pid:8986 to:8990
2026/05/17 01:01:27 [debug] 8983#0: child: 3 8987 e:1 t:0 d:0 r:1 j:0
2026/05/17 01:01:27 [debug] 8983#0: child: 4 8988 e:1 t:0 d:0 r:1 j:0
2026/05/17 01:01:27 [debug] 8983#0: child: 5 -1 e:1 t:1 d:0 r:1 j:0
2026/05/17 01:01:27 [debug] 8983#0: child: 6 8990 e:1 t:0 d:0 r:1 j:0
2026/05/17 01:01:27 [debug] 8983#0: termination cycle: 50
2026/05/17 01:01:27 [debug] 8983#0: sigsuspend
2026/05/17 01:01:27 [notice] 8983#0: signal 29 (SIGIO) received
2026/05/17 01:01:27 [notice] 8983#0: signal 17 (SIGCHLD) received from 8986
2026/05/17 01:01:27 [notice] 8983#0: worker process 8987 exited with code 0
2026/05/17 01:01:27 [debug] 8983#0: shmtx forced unlock
2026/05/17 01:01:27 [debug] 8983#0: shmtx forced unlock
2026/05/17 01:01:27 [debug] 8983#0: shmtx forced unlock
2026/05/17 01:01:27 [notice] 8983#0: worker process 8984 exited with code 0
2026/05/17 01:01:27 [debug] 8988#0: run cleanup: 00000000020B49A8
2026/05/17 01:01:27 [debug] 8983#0: shmtx forced unlock
2026/05/17 01:01:27 [debug] 8988#0: run cleanup: 00000000020A9EA8
2026/05/17 01:01:27 [debug] 8983#0: shmtx forced unlock
2026/05/17 01:01:27 [debug] 8983#0: shmtx forced unlock
2026/05/17 01:01:27 [debug] 8988#0: cleanup resolver
2026/05/17 01:01:27 [debug] 8988#0: run cleanup: 000000000207A268
2026/05/17 01:01:27 [debug] 8988#0: free: 00000000020883C0
2026/05/17 01:01:27 [debug] 8988#0: free: 00000000020B7380
2026/05/17 01:01:27 [debug] 8988#0: free: 00000000020AA1C0
2026/05/17 01:01:27 [debug] 8988#0: free: 00000000020A51A0
2026/05/17 01:01:27 [notice] 8983#0: worker process 8990 exited with code 0
2026/05/17 01:01:27 [debug] 8988#0: free: 00000000020A3D20
2026/05/17 01:01:27 [debug] 8983#0: shmtx forced unlock
2026/05/17 01:01:27 [debug] 8988#0: free: 0000000002091040
2026/05/17 01:01:27 [debug] 8983#0: shmtx forced unlock
2026/05/17 01:01:27 [debug] 8988#0: free: 000000000208BF70
2026/05/17 01:01:27 [debug] 8983#0: shmtx forced unlock
2026/05/17 01:01:27 [debug] 8988#0: free: 000000000208AEB0
2026/05/17 01:01:27 [debug] 8988#0: free: 0000000002089DF0
2026/05/17 01:01:27 [debug] 8983#0: wake up, sigio 5
2026/05/17 01:01:27 [debug] 8988#0: free: 0000000002078350, unused: 0
2026/05/17 01:01:27 [debug] 8983#0: reap children
2026/05/17 01:01:27 [debug] 8988#0: free: 0000000002082BA0, unused: 1
2026/05/17 01:01:27 [debug] 8983#0: child: 0 8984 e:1 t:1 d:0 r:1 j:0
2026/05/17 01:01:27 [debug] 8988#0: free: 000000000208D030, unused: 0
2026/05/17 01:01:27 [debug] 8988#0: free: 00000000020A61B0, unused: 0
2026/05/17 01:01:27 [debug] 8988#0: free: 00000000020AB350, unused: 0
2026/05/17 01:01:27 [debug] 8988#0: free: 00000000020B3370, unused: 10656
2026/05/17 01:01:27 [debug] 8983#0: pass close channel s:0 pid:8984 to:8988
2026/05/17 01:01:27 [debug] 8983#0: child: 1 -1 e:1 t:1 d:0 r:1 j:0
2026/05/17 01:01:27 [debug] 8983#0: child: 2 -1 e:1 t:1 d:0 r:1 j:0
2026/05/17 01:01:27 [debug] 8983#0: child: 3 8987 e:1 t:1 d:0 r:1 j:0
2026/05/17 01:01:27 [debug] 8983#0: pass close channel s:3 pid:8987 to:8988
2026/05/17 01:01:27 [debug] 8983#0: child: 4 8988 e:1 t:0 d:0 r:1 j:0
2026/05/17 01:01:27 [debug] 8983#0: child: 5 -1 e:1 t:1 d:0 r:1 j:0
2026/05/17 01:01:27 [debug] 8983#0: child: 6 8990 e:1 t:1 d:0 r:1 j:0
2026/05/17 01:01:27 [debug] 8983#0: pass close channel s:6 pid:8990 to:8988
2026/05/17 01:01:27 [debug] 8983#0: termination cycle: 50
2026/05/17 01:01:27 [debug] 8983#0: sigsuspend
2026/05/17 01:01:27 [notice] 8988#0: exit
2026/05/17 01:01:27 [notice] 8983#0: signal 29 (SIGIO) received
2026/05/17 01:01:27 [notice] 8983#0: signal 17 (SIGCHLD) received from 8984
2026/05/17 01:01:27 [debug] 8983#0: wake up, sigio 4
2026/05/17 01:01:27 [debug] 8983#0: reap children
2026/05/17 01:01:27 [debug] 8983#0: child: 0 -1 e:1 t:1 d:0 r:1 j:0
2026/05/17 01:01:27 [debug] 8983#0: child: 1 -1 e:1 t:1 d:0 r:1 j:0
2026/05/17 01:01:27 [debug] 8983#0: child: 2 -1 e:1 t:1 d:0 r:1 j:0
2026/05/17 01:01:27 [debug] 8983#0: child: 3 -1 e:1 t:1 d:0 r:1 j:0
2026/05/17 01:01:27 [debug] 8983#0: child: 4 8988 e:1 t:0 d:0 r:1 j:0
2026/05/17 01:01:27 [debug] 8983#0: child: 5 -1 e:1 t:1 d:0 r:1 j:0
2026/05/17 01:01:27 [debug] 8983#0: termination cycle: 50
2026/05/17 01:01:27 [debug] 8983#0: sigsuspend
2026/05/17 01:01:27 [notice] 8983#0: signal 17 (SIGCHLD) received from 8988
2026/05/17 01:01:27 [notice] 8983#0: worker process 8988 exited with code 0
2026/05/17 01:01:27 [debug] 8983#0: shmtx forced unlock
2026/05/17 01:01:27 [debug] 8983#0: shmtx forced unlock
2026/05/17 01:01:27 [debug] 8983#0: shmtx forced unlock
2026/05/17 01:01:27 [debug] 8983#0: wake up, sigio 3
2026/05/17 01:01:27 [debug] 8983#0: reap children
2026/05/17 01:01:27 [debug] 8983#0: child: 0 -1 e:1 t:1 d:0 r:1 j:0
2026/05/17 01:01:27 [debug] 8983#0: child: 1 -1 e:1 t:1 d:0 r:1 j:0
2026/05/17 01:01:27 [debug] 8983#0: child: 2 -1 e:1 t:1 d:0 r:1 j:0
2026/05/17 01:01:27 [debug] 8983#0: child: 3 -1 e:1 t:1 d:0 r:1 j:0
2026/05/17 01:01:27 [debug] 8983#0: child: 4 8988 e:1 t:1 d:0 r:1 j:0
2026/05/17 01:01:27 [debug] 8983#0: child: 5 -1 e:1 t:1 d:0 r:1 j:0
2026/05/17 01:01:27 [notice] 8983#0: exit
2026/05/17 01:01:27 [debug] 8983#0: close listening 0.0.0.0:5111 #6 
2026/05/17 01:01:27 [debug] 8983#0: close listening 0.0.0.0:5111 #7 
2026/05/17 01:01:27 [debug] 8983#0: close listening 0.0.0.0:5111 #8 
2026/05/17 01:01:27 [debug] 8983#0: close listening 0.0.0.0:5111 #9 
2026/05/17 01:01:27 [debug] 8983#0: close listening 0.0.0.0:5111 #10 
2026/05/17 01:01:27 [debug] 8983#0: close listening 0.0.0.0:5111 #11 
2026/05/17 01:01:27 [debug] 8983#0: close listening 0.0.0.0:5111 #12 
2026/05/17 01:01:27 [debug] 8983#0: close listening 0.0.0.0:5111 #13 
2026/05/17 01:01:27 [debug] 8983#0: run cleanup: 00000000020A9EA8
2026/05/17 01:01:27 [debug] 8983#0: cleanup resolver
2026/05/17 01:01:27 [debug] 8983#0: run cleanup: 000000000207A268
2026/05/17 01:01:27 [debug] 8983#0: free: 00000000020B7380
2026/05/17 01:01:27 [debug] 8983#0: free: 00000000020AA1C0
2026/05/17 01:01:27 [debug] 8983#0: free: 00000000020A51A0
2026/05/17 01:01:27 [debug] 8983#0: free: 00000000020A3D20
2026/05/17 01:01:27 [debug] 8983#0: free: 0000000002091040
2026/05/17 01:01:27 [debug] 8983#0: free: 000000000208BF70
2026/05/17 01:01:27 [debug] 8983#0: free: 000000000208AEB0
2026/05/17 01:01:27 [debug] 8983#0: free: 0000000002089DF0
2026/05/17 01:01:27 [debug] 8983#0: free: 0000000002078350, unused: 0
2026/05/17 01:01:27 [debug] 8983#0: free: 0000000002082BA0, unused: 1
2026/05/17 01:01:27 [debug] 8983#0: free: 000000000208D030, unused: 0
2026/05/17 01:01:27 [debug] 8983#0: free: 00000000020A61B0, unused: 0
2026/05/17 01:01:27 [debug] 8983#0: free: 00000000020AB350, unused: 0
2026/05/17 01:01:27 [debug] 8983#0: free: 00000000020B3370, unused: 10699
